<?xml version="1.0" encoding="UTF-8"?>
<!-- Generated by org.testng.reporters.JUnitReportReporter -->
<testsuite skipped="0" hostname="NIBC2503" name="Test.Scripts.LoginTest" tests="1" failures="0" timestamp="09 Feb 2018 15:59:42 GMT" time="0.030" errors="0">
  <testcase name="loginApp" time="0.030" classname="Test.Scripts.LoginTest"/>
</testsuite> <!-- Test.Scripts.LoginTest -->
